0 verbose cli [ '/usr/bin/node', '/usr/bin/npm', 'init', '-y' ]
1 info using npm@8.5.1
2 info using node@v12.22.9
3 timing npm:load:whichnode Completed in 0ms
4 timing config:load:defaults Completed in 6ms
5 timing config:load:file:/usr/share/nodejs/npm/npmrc Completed in 14ms
6 timing config:load:builtin Completed in 16ms
7 timing config:load:cli Completed in 5ms
8 timing config:load:env Completed in 0ms
9 timing config:load:file:/home/ubuntu/mynodejsapp/.npmrc Completed in 0ms
10 timing config:load:project Completed in 15ms
11 timing config:load:file:/home/ubuntu/.npmrc Completed in 0ms
12 timing config:load:user Completed in 0ms
13 timing config:load:file:/etc/npmrc Completed in 0ms
14 timing config:load:global Completed in 0ms
15 timing config:load:validate Completed in 0ms
16 timing config:load:credentials Completed in 8ms
17 timing config:load:setEnvs Completed in 1ms
18 timing config:load Completed in 53ms
19 timing npm:load:configload Completed in 54ms
20 timing npm:load:setTitle Completed in 1ms
21 timing config:load:flatten Completed in 5ms
22 timing npm:load:display Completed in 8ms
23 verbose logfile /home/ubuntu/.npm/_logs/2024-01-27T14_50_44_870Z-debug-0.log
24 timing npm:load:logFile Completed in 8ms
25 timing npm:load:timers Completed in 0ms
26 timing npm:load:configScope Completed in 0ms
27 timing npm:load Completed in 73ms
28 silly package data {
28 silly package data   name: 'mynodejsapp',
28 silly package data   version: '1.0.0',
28 silly package data   description: '',
28 silly package data   main: 'index.js',
28 silly package data   scripts: { test: 'echo "Error: no test specified" && exit 1' },
28 silly package data   keywords: [],
28 silly package data   author: '',
28 silly package data   license: 'ISC'
28 silly package data }
29 info init written successfully
30 timing command:init Completed in 32ms
31 verbose exit 0
32 timing npm Completed in 457ms
33 info ok
